{"/home/sabin/leapfrog/boilerplate/src/config/index.ts": {"path":"/home/sabin/leapfrog/boilerplate/src/config/index.ts","statementMap":{"0":{"start":{"line":1,"column":0},"end":{"line":1,"column":27}},"1":{"start":{"line":3,"column":0},"end":{"line":9,"column":2}}},"fnMap":{},"branchMap":{},"s":{"0":2,"1":2},"f":{},"b":{}}
,"/home/sabin/leapfrog/boilerplate/src/repositories/local.repository.ts": {"path":"/home/sabin/leapfrog/boilerplate/src/repositories/local.repository.ts","statementMap":{"0":{"start":{"line":4,"column":34},"end":{"line":32,"column":2}},"1":{"start":{"line":77,"column":2},"end":{"line":82,"column":4}},"2":{"start":{"line":78,"column":4},"end":{"line":81,"column":7}},"3":{"start":{"line":79,"column":6},"end":{"line":79,"column":68}},"4":{"start":{"line":79,"column":35},"end":{"line":79,"column":68}},"5":{"start":{"line":80,"column":6},"end":{"line":80,"column":28}},"6":{"start":{"line":84,"column":2},"end":{"line":92,"column":4}},"7":{"start":{"line":85,"column":18},"end":{"line":86,"column":null}},"8":{"start":{"line":86,"column":32},"end":{"line":86,"column":50}},"9":{"start":{"line":88,"column":4},"end":{"line":91,"column":7}},"10":{"start":{"line":89,"column":6},"end":{"line":89,"column":68}},"11":{"start":{"line":89,"column":20},"end":{"line":89,"column":68}},"12":{"start":{"line":90,"column":6},"end":{"line":90,"column":30}},"13":{"start":{"line":44,"column":4},"end":{"line":44,"column":46}},"14":{"start":{"line":46,"column":4},"end":{"line":48,"column":7}},"15":{"start":{"line":47,"column":6},"end":{"line":47,"column":28}},"16":{"start":{"line":51,"column":16},"end":{"line":51,"column":70}},"17":{"start":{"line":51,"column":52},"end":{"line":51,"column":69}},"18":{"start":{"line":52,"column":4},"end":{"line":52,"column":34}},"19":{"start":{"line":53,"column":4},"end":{"line":55,"column":7}},"20":{"start":{"line":54,"column":6},"end":{"line":54,"column":28}},"21":{"start":{"line":59,"column":16},"end":{"line":59,"column":70}},"22":{"start":{"line":59,"column":52},"end":{"line":59,"column":69}},"23":{"start":{"line":60,"column":4},"end":{"line":60,"column":49}},"24":{"start":{"line":61,"column":4},"end":{"line":66,"column":7}},"25":{"start":{"line":62,"column":6},"end":{"line":64,"column":null}},"26":{"start":{"line":63,"column":8},"end":{"line":63,"column":37}},"27":{"start":{"line":65,"column":6},"end":{"line":65,"column":35}},"28":{"start":{"line":69,"column":34},"end":{"line":70,"column":null}},"29":{"start":{"line":70,"column":32},"end":{"line":70,"column":59}},"30":{"start":{"line":72,"column":4},"end":{"line":75,"column":7}},"31":{"start":{"line":73,"column":6},"end":{"line":73,"column":72}},"32":{"start":{"line":73,"column":21},"end":{"line":73,"column":72}},"33":{"start":{"line":74,"column":6},"end":{"line":74,"column":31}},"34":{"start":{"line":94,"column":0},"end":{"line":94,"column":37}}},"fnMap":{"0":{"name":"(anonymous_0)","decl":{"start":{"line":37,"column":0},"end":{"line":37,"column":6}},"loc":{"start":{"line":37,"column":0},"end":{"line":93,"column":1}}},"1":{"name":"(anonymous_1)","decl":{"start":{"line":77,"column":11},"end":{"line":77,"column":16}},"loc":{"start":{"line":77,"column":46},"end":{"line":82,"column":3}}},"2":{"name":"(anonymous_2)","decl":{"start":{"line":78,"column":23},"end":{"line":78,"column":24}},"loc":{"start":{"line":78,"column":43},"end":{"line":81,"column":5}}},"3":{"name":"(anonymous_3)","decl":{"start":{"line":84,"column":12},"end":{"line":84,"column":13}},"loc":{"start":{"line":84,"column":49},"end":{"line":92,"column":3}}},"4":{"name":"(anonymous_4)","decl":{"start":{"line":86,"column":6},"end":{"line":86,"column":7}},"loc":{"start":{"line":86,"column":32},"end":{"line":86,"column":50}}},"5":{"name":"(anonymous_5)","decl":{"start":{"line":88,"column":23},"end":{"line":88,"column":24}},"loc":{"start":{"line":88,"column":43},"end":{"line":91,"column":5}}},"6":{"name":"(anonymous_6)","decl":{"start":{"line":43,"column":2},"end":{"line":43,"column":5}},"loc":{"start":{"line":43,"column":26},"end":{"line":49,"column":3}}},"7":{"name":"(anonymous_7)","decl":{"start":{"line":46,"column":23},"end":{"line":46,"column":24}},"loc":{"start":{"line":46,"column":43},"end":{"line":48,"column":5}}},"8":{"name":"(anonymous_8)","decl":{"start":{"line":50,"column":2},"end":{"line":50,"column":12}},"loc":{"start":{"line":50,"column":45},"end":{"line":56,"column":3}}},"9":{"name":"(anonymous_9)","decl":{"start":{"line":51,"column":39},"end":{"line":51,"column":40}},"loc":{"start":{"line":51,"column":52},"end":{"line":51,"column":69}}},"10":{"name":"(anonymous_10)","decl":{"start":{"line":53,"column":23},"end":{"line":53,"column":24}},"loc":{"start":{"line":53,"column":43},"end":{"line":55,"column":5}}},"11":{"name":"(anonymous_11)","decl":{"start":{"line":58,"column":2},"end":{"line":58,"column":12}},"loc":{"start":{"line":58,"column":20},"end":{"line":67,"column":3}}},"12":{"name":"(anonymous_12)","decl":{"start":{"line":59,"column":39},"end":{"line":59,"column":40}},"loc":{"start":{"line":59,"column":52},"end":{"line":59,"column":69}}},"13":{"name":"(anonymous_13)","decl":{"start":{"line":61,"column":23},"end":{"line":61,"column":24}},"loc":{"start":{"line":61,"column":43},"end":{"line":66,"column":5}}},"14":{"name":"(anonymous_14)","decl":{"start":{"line":68,"column":2},"end":{"line":68,"column":10}},"loc":{"start":{"line":68,"column":34},"end":{"line":76,"column":3}}},"15":{"name":"(anonymous_15)","decl":{"start":{"line":70,"column":6},"end":{"line":70,"column":7}},"loc":{"start":{"line":70,"column":32},"end":{"line":70,"column":59}}},"16":{"name":"(anonymous_16)","decl":{"start":{"line":72,"column":23},"end":{"line":72,"column":24}},"loc":{"start":{"line":72,"column":43},"end":{"line":75,"column":5}}}},"branchMap":{"0":{"loc":{"start":{"line":79,"column":6},"end":{"line":79,"column":68}},"type":"if","locations":[{"start":{"line":79,"column":6},"end":{"line":79,"column":68}}]},"1":{"loc":{"start":{"line":89,"column":6},"end":{"line":89,"column":68}},"type":"if","locations":[{"start":{"line":89,"column":6},"end":{"line":89,"column":68}}]},"2":{"loc":{"start":{"line":62,"column":6},"end":{"line":64,"column":null}},"type":"if","locations":[{"start":{"line":62,"column":6},"end":{"line":64,"column":null}}]},"3":{"loc":{"start":{"line":73,"column":6},"end":{"line":73,"column":72}},"type":"if","locations":[{"start":{"line":73,"column":6},"end":{"line":73,"column":72}}]}},"s":{"0":1,"1":1,"2":0,"3":0,"4":0,"5":0,"6":1,"7":0,"8":0,"9":0,"10":0,"11":0,"12":0,"13":1,"14":1,"15":1,"16":0,"17":0,"18":0,"19":0,"20":0,"21":0,"22":0,"23":0,"24":0,"25":0,"26":0,"27":0,"28":0,"29":0,"30":0,"31":0,"32":0,"33":0,"34":1},"f":{"0":1,"1":0,"2":0,"3":0,"4":0,"5":0,"6":1,"7":1,"8":0,"9":0,"10":0,"11":0,"12":0,"13":0,"14":0,"15":0,"16":0},"b":{"0":[0],"1":[0],"2":[0],"3":[0]}}
,"/home/sabin/leapfrog/boilerplate/src/services/articles.service.ts": {"path":"/home/sabin/leapfrog/boilerplate/src/services/articles.service.ts","statementMap":{"0":{"start":{"line":2,"column":0},"end":{"line":2,"column":62}},"1":{"start":{"line":11,"column":2},"end":{"line":13,"column":4}},"2":{"start":{"line":12,"column":4},"end":{"line":12,"column":36}},"3":{"start":{"line":15,"column":2},"end":{"line":17,"column":4}},"4":{"start":{"line":16,"column":4},"end":{"line":16,"column":46}},"5":{"start":{"line":18,"column":2},"end":{"line":24,"column":4}},"6":{"start":{"line":23,"column":4},"end":{"line":23,"column":58}},"7":{"start":{"line":26,"column":2},"end":{"line":34,"column":4}},"8":{"start":{"line":33,"column":4},"end":{"line":33,"column":51}},"9":{"start":{"line":35,"column":2},"end":{"line":37,"column":4}},"10":{"start":{"line":36,"column":4},"end":{"line":36,"column":42}},"11":{"start":{"line":38,"column":2},"end":{"line":40,"column":4}},"12":{"start":{"line":39,"column":4},"end":{"line":39,"column":40}},"13":{"start":{"line":8,"column":4},"end":{"line":8,"column":33}},"14":{"start":{"line":42,"column":0},"end":{"line":42,"column":51}}},"fnMap":{"0":{"name":"(anonymous_1)","decl":{"start":{"line":7,"column":2},"end":{"line":7,"column":14}},"loc":{"start":{"line":7,"column":37},"end":{"line":9,"column":3}}},"1":{"name":"(anonymous_2)","decl":{"start":{"line":11,"column":20},"end":{"line":11,"column":47}},"loc":{"start":{"line":11,"column":49},"end":{"line":13,"column":3}}},"2":{"name":"(anonymous_3)","decl":{"start":{"line":15,"column":12},"end":{"line":15,"column":13}},"loc":{"start":{"line":15,"column":75},"end":{"line":17,"column":3}}},"3":{"name":"(anonymous_4)","decl":{"start":{"line":18,"column":16},"end":{"line":18,"column":17}},"loc":{"start":{"line":22,"column":31},"end":{"line":24,"column":3}}},"4":{"name":"(anonymous_5)","decl":{"start":{"line":26,"column":15},"end":{"line":26,"column":16}},"loc":{"start":{"line":32,"column":31},"end":{"line":34,"column":3}}},"5":{"name":"(anonymous_6)","decl":{"start":{"line":35,"column":15},"end":{"line":35,"column":16}},"loc":{"start":{"line":35,"column":52},"end":{"line":37,"column":3}}},"6":{"name":"(anonymous_7)","decl":{"start":{"line":38,"column":8},"end":{"line":38,"column":9}},"loc":{"start":{"line":38,"column":57},"end":{"line":40,"column":3}}}},"branchMap":{},"s":{"0":1,"1":1,"2":0,"3":1,"4":0,"5":1,"6":0,"7":1,"8":0,"9":1,"10":0,"11":1,"12":1,"13":1,"14":1},"f":{"0":1,"1":0,"2":0,"3":0,"4":0,"5":0,"6":1},"b":{}}
}
