TN:
SF:src/config/index.ts
FNF:0
FNH:0
DA:1,2
DA:3,2
LF:2
LH:2
BRF:0
BRH:0
end_of_record
TN:
SF:src/repositories/local.repository.ts
FN:37,(anonymous_0)
FN:77,(anonymous_1)
FN:78,(anonymous_2)
FN:84,(anonymous_3)
FN:86,(anonymous_4)
FN:88,(anonymous_5)
FN:43,(anonymous_6)
FN:46,(anonymous_7)
FN:50,(anonymous_8)
FN:51,(anonymous_9)
FN:53,(anonymous_10)
FN:58,(anonymous_11)
FN:59,(anonymous_12)
FN:61,(anonymous_13)
FN:68,(anonymous_14)
FN:70,(anonymous_15)
FN:72,(anonymous_16)
FNF:17
FNH:3
FNDA:1,(anonymous_0)
FNDA:0,(anonymous_1)
FNDA:0,(anonymous_2)
FNDA:0,(anonymous_3)
FNDA:0,(anonymous_4)
FNDA:0,(anonymous_5)
FNDA:1,(anonymous_6)
FNDA:1,(anonymous_7)
FNDA:0,(anonymous_8)
FNDA:0,(anonymous_9)
FNDA:0,(anonymous_10)
FNDA:0,(anonymous_11)
FNDA:0,(anonymous_12)
FNDA:0,(anonymous_13)
FNDA:0,(anonymous_14)
FNDA:0,(anonymous_15)
FNDA:0,(anonymous_16)
DA:4,1
DA:44,1
DA:46,1
DA:47,1
DA:51,0
DA:52,0
DA:53,0
DA:54,0
DA:59,0
DA:60,0
DA:61,0
DA:62,0
DA:63,0
DA:65,0
DA:69,0
DA:70,0
DA:72,0
DA:73,0
DA:74,0
DA:77,1
DA:78,0
DA:79,0
DA:80,0
DA:84,1
DA:85,0
DA:86,0
DA:88,0
DA:89,0
DA:90,0
DA:94,1
LF:30
LH:7
BRDA:79,0,0,0
BRDA:89,1,0,0
BRDA:62,2,0,0
BRDA:73,3,0,0
BRF:4
BRH:0
end_of_record
TN:
SF:src/services/articles.service.ts
FN:7,(anonymous_1)
FN:11,(anonymous_2)
FN:15,(anonymous_3)
FN:18,(anonymous_4)
FN:26,(anonymous_5)
FN:35,(anonymous_6)
FN:38,(anonymous_7)
FNF:7
FNH:2
FNDA:1,(anonymous_1)
FNDA:0,(anonymous_2)
FNDA:0,(anonymous_3)
FNDA:0,(anonymous_4)
FNDA:0,(anonymous_5)
FNDA:0,(anonymous_6)
FNDA:1,(anonymous_7)
DA:2,1
DA:8,1
DA:11,1
DA:12,0
DA:15,1
DA:16,0
DA:18,1
DA:23,0
DA:26,1
DA:33,0
DA:35,1
DA:36,0
DA:38,1
DA:39,1
DA:42,1
LF:15
LH:10
BRF:0
BRH:0
end_of_record
